<?xml version="1.0" encoding="UTF-8"?>
<testng-results ignored="0" total="1" passed="1" failed="0" skipped="0">
  <reporter-output>
  </reporter-output>
  <suite started-at="2023-12-18T17:01:50 IST" name="Suite" finished-at="2023-12-18T17:02:13 IST" duration-ms="23362">
    <groups>
    </groups>
    <test started-at="2023-12-18T17:01:50 IST" name="Test" finished-at="2023-12-18T17:02:13 IST" duration-ms="23362">
      <class name="SimpleProject.SimpleProject.Demo">
        <test-method signature="setup()[pri:0, instance:SimpleProject.SimpleProject.Demo@3427b02d]" started-at="2023-12-18T17:01:50 IST" name="setup" finished-at="2023-12-18T17:02:13 IST" duration-ms="23329" status="PASS">
          <reporter-output>
          </reporter-output>
        </test-method> <!-- setup -->
      </class> <!-- SimpleProject.SimpleProject.Demo -->
    </test> <!-- Test -->
  </suite> <!-- Suite -->
</testng-results>
