<?xml version="1.0" encoding="UTF-8"?>
<testng-results ignored="0" total="1" passed="1" failed="0" skipped="0">
  <reporter-output>
  </reporter-output>
  <suite started-at="2023-12-19T11:16:41 IST" name="Default suite" finished-at="2023-12-19T11:17:10 IST" duration-ms="29486">
    <groups>
    </groups>
    <test started-at="2023-12-19T11:16:41 IST" name="Default test" finished-at="2023-12-19T11:17:10 IST" duration-ms="29486">
      <class name="SimpleProject.SimpleProject.Demo">
        <test-method signature="setup()[pri:0, instance:SimpleProject.SimpleProject.Demo@747ddf94]" started-at="2023-12-19T11:16:41 IST" name="setup" finished-at="2023-12-19T11:17:10 IST" duration-ms="29406" status="PASS">
          <reporter-output>
          </reporter-output>
        </test-method> <!-- setup -->
      </class> <!-- SimpleProject.SimpleProject.Demo -->
    </test> <!-- Default test -->
  </suite> <!-- Default suite -->
</testng-results>
